[21-Aug-2019 04:44:13 UTC] Unable to find template "mod_page_bb-themes_huraga_assets_img_icons_apple-touch-icon-114-precomposed.png" (looked into: /home/u433971869/public_html/boxbil/bb-themes/huraga/html, /home/u433971869/public_html/boxbil/bb-modules/Page/html_client).
[21-Aug-2019 04:44:13 UTC] Page bb-themes_huraga_assets_img_icons_apple-touch-icon-114-precomposed not found
[21-Aug-2019 04:44:35 UTC] 
[21-Aug-2019 04:44:35 UTC] Please check your login details 403
[21-Aug-2019 04:45:07 UTC] Please check your login details 403
[21-Aug-2019 04:45:20 UTC] Please check your login details 403
[21-Aug-2019 04:45:26 UTC] Please check your login details 403
[21-Aug-2019 04:46:44 UTC] Please check your login details 403
[21-Aug-2019 04:46:57 UTC] Please check your login details 403
[21-Aug-2019 04:47:40 UTC] Please check your login details 403
[21-Aug-2019 04:47:51 UTC] Email not found in our database 0
[21-Aug-2019 04:51:24 UTC] 2 opendir(/home/u433971869/public_html/boxbil/bb-locale): failed to open dir: No such file or directory /home/u433971869/public_html/boxbil/bb-modules/System/Service.php 151
[21-Aug-2019 05:00:13 UTC] Please check your login details 403
[21-Aug-2019 05:00:29 UTC] 2 opendir(/home/u433971869/public_html/boxbil/bb-locale): failed to open dir: No such file or directory /home/u433971869/public_html/boxbil/bb-modules/System/Service.php 151
[21-Aug-2019 05:07:39 UTC] 2 opendir(/home/u433971869/public_html/boxbil/bb-locale): failed to open dir: No such file or directory /home/u433971869/public_html/boxbil/bb-modules/System/Service.php 151
[21-Aug-2019 05:07:52 UTC] 2 opendir(/home/u433971869/public_html/boxbil/bb-locale): failed to open dir: No such file or directory /home/u433971869/public_html/boxbil/bb-modules/System/Service.php 151
[21-Aug-2019 05:07:55 UTC] 2 opendir(/home/u433971869/public_html/boxbil/bb-locale): failed to open dir: No such file or directory /home/u433971869/public_html/boxbil/bb-modules/System/Service.php 151
[21-Aug-2019 05:07:57 UTC] 2 opendir(/home/u433971869/public_html/boxbil/bb-locale): failed to open dir: No such file or directory /home/u433971869/public_html/boxbil/bb-modules/System/Service.php 151
[21-Aug-2019 05:07:58 UTC] 2 opendir(/home/u433971869/public_html/boxbil/bb-locale): failed to open dir: No such file or directory /home/u433971869/public_html/boxbil/bb-modules/System/Service.php 151
[21-Aug-2019 05:08:00 UTC] 2 opendir(/home/u433971869/public_html/boxbil/bb-locale): failed to open dir: No such file or directory /home/u433971869/public_html/boxbil/bb-modules/System/Service.php 151
[21-Aug-2019 05:09:08 UTC] 2 opendir(/home/u433971869/public_html/boxbil/bb-locale): failed to open dir: No such file or directory /home/u433971869/public_html/boxbil/bb-modules/System/Service.php 151
[21-Aug-2019 05:09:46 UTC] 2 opendir(/home/u433971869/public_html/boxbil/bb-locale): failed to open dir: No such file or directory /home/u433971869/public_html/boxbil/bb-modules/System/Service.php 151
[21-Aug-2019 05:09:56 UTC] 2 opendir(/home/u433971869/public_html/boxbil/bb-locale): failed to open dir: No such file or directory /home/u433971869/public_html/boxbil/bb-modules/System/Service.php 151
[21-Aug-2019 05:10:58 UTC] 8 Undefined index: recurrent /home/u433971869/public_html/boxbil/bb-library/Payment/Adapter/Custom.php 71
[21-Aug-2019 05:11:16 UTC] 2 opendir(/home/u433971869/public_html/boxbil/bb-locale): failed to open dir: No such file or directory /home/u433971869/public_html/boxbil/bb-modules/System/Service.php 151
[21-Aug-2019 05:11:23 UTC] 2 opendir(/home/u433971869/public_html/boxbil/bb-locale): failed to open dir: No such file or directory /home/u433971869/public_html/boxbil/bb-modules/System/Service.php 151
[21-Aug-2019 05:16:33 UTC] 2 opendir(/home/u433971869/public_html/boxbil/bb-locale): failed to open dir: No such file or directory /home/u433971869/public_html/boxbil/bb-modules/System/Service.php 151
[21-Aug-2019 05:16:41 UTC] 2 opendir(/home/u433971869/public_html/boxbil/bb-locale): failed to open dir: No such file or directory /home/u433971869/public_html/boxbil/bb-modules/System/Service.php 151
[21-Aug-2019 05:16:50 UTC] 2 opendir(/home/u433971869/public_html/boxbil/bb-locale): failed to open dir: No such file or directory /home/u433971869/public_html/boxbil/bb-modules/System/Service.php 151
[21-Aug-2019 05:17:18 UTC] 2 opendir(/home/u433971869/public_html/boxbil/bb-locale): failed to open dir: No such file or directory /home/u433971869/public_html/boxbil/bb-modules/System/Service.php 151
[21-Aug-2019 05:29:57 UTC] 2 opendir(/home/u433971869/public_html/boxbil/bb-locale): failed to open dir: No such file or directory /home/u433971869/public_html/boxbil/bb-modules/System/Service.php 151
[21-Aug-2019 05:30:01 UTC] 2 opendir(/home/u433971869/public_html/boxbil/bb-locale): failed to open dir: No such file or directory /home/u433971869/public_html/boxbil/bb-modules/System/Service.php 151
[21-Aug-2019 05:30:11 UTC] Years parameter is missing for domain configuration. 0
[21-Aug-2019 05:30:20 UTC] Years parameter is missing for domain configuration. 0
[21-Aug-2019 05:30:28 UTC] Years parameter is missing for domain configuration. 0
[21-Aug-2019 06:28:00 UTC] 2 opendir(/home/u433971869/public_html/boxbil/bb-locale): failed to open dir: No such file or directory /home/u433971869/public_html/boxbil/bb-modules/System/Service.php 151
[21-Aug-2019 06:28:11 UTC] 2 opendir(/home/u433971869/public_html/boxbil/bb-locale): failed to open dir: No such file or directory /home/u433971869/public_html/boxbil/bb-modules/System/Service.php 151
[21-Aug-2019 06:29:20 UTC] 2 opendir(/home/u433971869/public_html/boxbil/bb-locale): failed to open dir: No such file or directory /home/u433971869/public_html/boxbil/bb-modules/System/Service.php 151
[21-Aug-2019 06:29:25 UTC] 2 opendir(/home/u433971869/public_html/boxbil/bb-locale): failed to open dir: No such file or directory /home/u433971869/public_html/boxbil/bb-modules/System/Service.php 151
[21-Aug-2019 07:03:56 UTC] 2 opendir(/home/u433971869/public_html/boxbil/bb-locale): failed to open dir: No such file or directory /home/u433971869/public_html/boxbil/bb-modules/System/Service.php 151
[21-Aug-2019 07:05:06 UTC] 2 opendir(/home/u433971869/public_html/boxbil/bb-locale): failed to open dir: No such file or directory /home/u433971869/public_html/boxbil/bb-modules/System/Service.php 151
[21-Aug-2019 07:05:48 UTC] 2 opendir(/home/u433971869/public_html/boxbil/bb-locale): failed to open dir: No such file or directory /home/u433971869/public_html/boxbil/bb-modules/System/Service.php 151
[21-Aug-2019 07:06:07 UTC] 2 opendir(/home/u433971869/public_html/boxbil/bb-locale): failed to open dir: No such file or directory /home/u433971869/public_html/boxbil/bb-modules/System/Service.php 151
[21-Aug-2019 07:08:36 UTC] 2 opendir(/home/u433971869/public_html/boxbil/bb-locale): failed to open dir: No such file or directory /home/u433971869/public_html/boxbil/bb-modules/System/Service.php 151
[21-Aug-2019 07:08:46 UTC] 
[21-Aug-2019 07:08:46 UTC] 2 opendir(/home/u433971869/public_html/boxbil/bb-locale): failed to open dir: No such file or directory /home/u433971869/public_html/boxbil/bb-modules/System/Service.php 151
[21-Aug-2019 07:08:46 UTC] An exception has been thrown during the rendering of a template ("Payment gateway class Payment_Adapter_PayLaneRestClient was not found") in "mod_invoice_gateways.phtml" at line 31.
[21-Aug-2019 07:09:37 UTC] 2 opendir(/home/u433971869/public_html/boxbil/bb-locale): failed to open dir: No such file or directory /home/u433971869/public_html/boxbil/bb-modules/System/Service.php 151
[21-Aug-2019 07:09:52 UTC] 2 opendir(/home/u433971869/public_html/boxbil/bb-locale): failed to open dir: No such file or directory /home/u433971869/public_html/boxbil/bb-modules/System/Service.php 151
[21-Aug-2019 07:09:52 UTC] An exception has been thrown during the rendering of a template ("Payment gateway class Payment_Adapter_PayLaneRestClient was not found") in "mod_invoice_gateways.phtml" at line 31.
[21-Aug-2019 07:09:56 UTC] 2 opendir(/home/u433971869/public_html/boxbil/bb-locale): failed to open dir: No such file or directory /home/u433971869/public_html/boxbil/bb-modules/System/Service.php 151
[21-Aug-2019 07:09:56 UTC] An exception has been thrown during the rendering of a template ("Payment gateway class Payment_Adapter_PayLaneRestClient was not found") in "mod_invoice_gateways.phtml" at line 31.
[21-Aug-2019 07:12:36 UTC] 2 opendir(/home/u433971869/public_html/boxbil/bb-locale): failed to open dir: No such file or directory /home/u433971869/public_html/boxbil/bb-modules/System/Service.php 151
[21-Aug-2019 07:12:36 UTC] An exception has been thrown during the rendering of a template ("Payment gateway class Payment_Adapter_PayLaneRestClient was not found") in "mod_invoice_gateways.phtml" at line 31.
[21-Aug-2019 07:12:43 UTC] 2 opendir(/home/u433971869/public_html/boxbil/bb-locale): failed to open dir: No such file or directory /home/u433971869/public_html/boxbil/bb-modules/System/Service.php 151
[21-Aug-2019 07:13:04 UTC] 2 opendir(/home/u433971869/public_html/boxbil/bb-locale): failed to open dir: No such file or directory /home/u433971869/public_html/boxbil/bb-modules/System/Service.php 151
[21-Aug-2019 07:13:12 UTC] 2 opendir(/home/u433971869/public_html/boxbil/bb-locale): failed to open dir: No such file or directory /home/u433971869/public_html/boxbil/bb-modules/System/Service.php 151
[21-Aug-2019 07:13:12 UTC] An exception has been thrown during the rendering of a template ("Payment gateway class Payment_Adapter_PayLaneRestClient was not found") in "mod_invoice_gateways.phtml" at line 31.
[21-Aug-2019 07:13:35 UTC] 2 opendir(/home/u433971869/public_html/boxbil/bb-locale): failed to open dir: No such file or directory /home/u433971869/public_html/boxbil/bb-modules/System/Service.php 151
[21-Aug-2019 07:13:35 UTC] An exception has been thrown during the rendering of a template ("Payment gateway class Payment_Adapter_PayLaneRestClient was not found") in "mod_invoice_gateways.phtml" at line 31.
[21-Aug-2019 07:16:07 UTC] 2 opendir(/home/u433971869/public_html/boxbil/bb-locale): failed to open dir: No such file or directory /home/u433971869/public_html/boxbil/bb-modules/System/Service.php 151
[21-Aug-2019 07:25:39 UTC] 2 opendir(/home/u433971869/public_html/boxbil/bb-locale): failed to open dir: No such file or directory /home/u433971869/public_html/boxbil/bb-modules/System/Service.php 151
[21-Aug-2019 07:25:39 UTC] An exception has been thrown during the rendering of a template ("Payment gateway class Payment_Adapter_PayLaneRestClient was not found") in "mod_invoice_gateways.phtml" at line 31.
[21-Aug-2019 07:41:09 UTC] 2 opendir(/home/u433971869/public_html/boxbil/bb-locale): failed to open dir: No such file or directory /home/u433971869/public_html/boxbil/bb-modules/System/Service.php 151
[21-Aug-2019 07:41:09 UTC] An exception has been thrown during the rendering of a template ("Payment gateway PayLaneRestClient was not found") in "mod_invoice_gateways.phtml" at line 31.
[21-Aug-2019 07:41:40 UTC] 2 opendir(/home/u433971869/public_html/boxbil/bb-locale): failed to open dir: No such file or directory /home/u433971869/public_html/boxbil/bb-modules/System/Service.php 151
[21-Aug-2019 07:42:13 UTC] 2 opendir(/home/u433971869/public_html/boxbil/bb-locale): failed to open dir: No such file or directory /home/u433971869/public_html/boxbil/bb-modules/System/Service.php 151
[21-Aug-2019 07:42:17 UTC] 2 opendir(/home/u433971869/public_html/boxbil/bb-locale): failed to open dir: No such file or directory /home/u433971869/public_html/boxbil/bb-modules/System/Service.php 151
[21-Aug-2019 07:42:17 UTC] An exception has been thrown during the rendering of a template ("Payment gateway PayLaneRestClient was not found") in "mod_invoice_gateways.phtml" at line 31.
[21-Aug-2019 08:26:21 UTC] 2 opendir(/home/u433971869/public_html/boxbil/bb-locale): failed to open dir: No such file or directory /home/u433971869/public_html/boxbil/bb-modules/System/Service.php 151
[21-Aug-2019 09:42:44 UTC] 2 opendir(/home/u433971869/public_html/boxbil/bb-locale): failed to open dir: No such file or directory /home/u433971869/public_html/boxbil/bb-modules/System/Service.php 151
[21-Aug-2019 09:43:35 UTC] 2 opendir(/home/u433971869/public_html/boxbil/bb-locale): failed to open dir: No such file or directory /home/u433971869/public_html/boxbil/bb-modules/System/Service.php 151
[21-Aug-2019 09:43:51 UTC] 2 opendir(/home/u433971869/public_html/boxbil/bb-locale): failed to open dir: No such file or directory /home/u433971869/public_html/boxbil/bb-modules/System/Service.php 151
[21-Aug-2019 09:43:57 UTC] 2 opendir(/home/u433971869/public_html/boxbil/bb-locale): failed to open dir: No such file or directory /home/u433971869/public_html/boxbil/bb-modules/System/Service.php 151
[21-Aug-2019 09:43:57 UTC] An exception has been thrown during the rendering of a template ("Payment gateway PayLaneRestClient was not found") in "mod_invoice_gateways.phtml" at line 31.
[21-Aug-2019 09:50:24 UTC] 2 opendir(/home/u433971869/public_html/boxbil/bb-locale): failed to open dir: No such file or directory /home/u433971869/public_html/boxbil/bb-modules/System/Service.php 151
[21-Aug-2019 09:50:29 UTC] 2 opendir(/home/u433971869/public_html/boxbil/bb-locale): failed to open dir: No such file or directory /home/u433971869/public_html/boxbil/bb-modules/System/Service.php 151
[21-Aug-2019 09:50:33 UTC] 2 opendir(/home/u433971869/public_html/boxbil/bb-locale): failed to open dir: No such file or directory /home/u433971869/public_html/boxbil/bb-modules/System/Service.php 151
[21-Aug-2019 09:50:33 UTC] An exception has been thrown during the rendering of a template ("Payment gateway PayLaneRestClient was not found") in "mod_invoice_gateways.phtml" at line 31.
[21-Aug-2019 09:52:01 UTC] 2 opendir(/home/u433971869/public_html/boxbil/bb-locale): failed to open dir: No such file or directory /home/u433971869/public_html/boxbil/bb-modules/System/Service.php 151
[21-Aug-2019 09:52:01 UTC] An exception has been thrown during the rendering of a template ("Payment gateway PayLaneRestClient was not found") in "mod_invoice_gateways.phtml" at line 31.
[21-Aug-2019 09:52:22 UTC] 2 opendir(/home/u433971869/public_html/boxbil/bb-locale): failed to open dir: No such file or directory /home/u433971869/public_html/boxbil/bb-modules/System/Service.php 151
[21-Aug-2019 09:52:26 UTC] 2 opendir(/home/u433971869/public_html/boxbil/bb-locale): failed to open dir: No such file or directory /home/u433971869/public_html/boxbil/bb-modules/System/Service.php 151
[21-Aug-2019 09:52:26 UTC] An exception has been thrown during the rendering of a template ("Payment gateway PayLaneRestClient was not found") in "mod_invoice_gateways.phtml" at line 31.
[21-Aug-2019 09:53:26 UTC] 2 opendir(/home/u433971869/public_html/boxbil/bb-locale): failed to open dir: No such file or directory /home/u433971869/public_html/boxbil/bb-modules/System/Service.php 151
[21-Aug-2019 09:53:28 UTC] 
[21-Aug-2019 09:54:41 UTC] 2 opendir(/home/u433971869/public_html/boxbil/bb-locale): failed to open dir: No such file or directory /home/u433971869/public_html/boxbil/bb-modules/System/Service.php 151
[21-Aug-2019 09:54:46 UTC] 2 opendir(/home/u433971869/public_html/boxbil/bb-locale): failed to open dir: No such file or directory /home/u433971869/public_html/boxbil/bb-modules/System/Service.php 151
[21-Aug-2019 09:54:46 UTC] An exception has been thrown during the rendering of a template ("Payment gateway PayLaneRestClient was not found") in "mod_invoice_gateways.phtml" at line 31.
[21-Aug-2019 13:30:44 UTC] 
[21-Aug-2019 13:30:45 UTC] 2 opendir(/home/u433971869/public_html/boxbil/bb-locale): failed to open dir: No such file or directory /home/u433971869/public_html/boxbil/bb-modules/System/Service.php 151
[21-Aug-2019 13:30:57 UTC] 2 opendir(/home/u433971869/public_html/boxbil/bb-locale): failed to open dir: No such file or directory /home/u433971869/public_html/boxbil/bb-modules/System/Service.php 151
[21-Aug-2019 13:30:57 UTC] An exception has been thrown during the rendering of a template ("Payment gateway PayLaneRestClient was not found") in "mod_invoice_gateways.phtml" at line 31.
[21-Aug-2019 13:35:00 UTC] 2 opendir(/home/u433971869/public_html/boxbil/bb-locale): failed to open dir: No such file or directory /home/u433971869/public_html/boxbil/bb-modules/System/Service.php 151
[21-Aug-2019 13:35:00 UTC] An exception has been thrown during the rendering of a template ("Payment gateway PayLaneRestClient was not found") in "mod_invoice_gateways.phtml" at line 31.
[21-Aug-2019 13:36:12 UTC] 2 opendir(/home/u433971869/public_html/boxbil/bb-locale): failed to open dir: No such file or directory /home/u433971869/public_html/boxbil/bb-modules/System/Service.php 151
[21-Aug-2019 13:36:12 UTC] An exception has been thrown during the rendering of a template ("Payment gateway PayLaneRestClient was not found") in "mod_invoice_gateways.phtml" at line 31.
[21-Aug-2019 13:38:33 UTC] 2 opendir(/home/u433971869/public_html/boxbil/bb-locale): failed to open dir: No such file or directory /home/u433971869/public_html/boxbil/bb-modules/System/Service.php 151
[21-Aug-2019 13:44:25 UTC] 2 opendir(/home/u433971869/public_html/boxbil/bb-locale): failed to open dir: No such file or directory /home/u433971869/public_html/boxbil/bb-modules/System/Service.php 151
[21-Aug-2019 13:49:37 UTC] 2 opendir(/home/u433971869/public_html/boxbil/bb-locale): failed to open dir: No such file or directory /home/u433971869/public_html/boxbil/bb-modules/System/Service.php 151
[21-Aug-2019 13:55:28 UTC] 2 opendir(/home/u433971869/public_html/boxbil/bb-locale): failed to open dir: No such file or directory /home/u433971869/public_html/boxbil/bb-modules/System/Service.php 151
[21-Aug-2019 13:57:25 UTC] 2 opendir(/home/u433971869/public_html/boxbil/bb-locale): failed to open dir: No such file or directory /home/u433971869/public_html/boxbil/bb-modules/System/Service.php 151
[21-Aug-2019 13:57:38 UTC] 2 opendir(/home/u433971869/public_html/boxbil/bb-locale): failed to open dir: No such file or directory /home/u433971869/public_html/boxbil/bb-modules/System/Service.php 151
[21-Aug-2019 13:57:47 UTC] 2 opendir(/home/u433971869/public_html/boxbil/bb-locale): failed to open dir: No such file or directory /home/u433971869/public_html/boxbil/bb-modules/System/Service.php 151
[21-Aug-2019 14:04:24 UTC] 2 opendir(/home/u433971869/public_html/boxbil/bb-locale): failed to open dir: No such file or directory /home/u433971869/public_html/boxbil/bb-modules/System/Service.php 151
[21-Aug-2019 14:04:46 UTC] Unable to find template "mod_page_bb-themes_huraga_assets_img_icons_apple-touch-icon-114-precomposed.png" (looked into: /home/u433971869/public_html/boxbil/bb-themes/huraga/html, /home/u433971869/public_html/boxbil/bb-modules/Page/html_client).
[21-Aug-2019 14:04:46 UTC] Page bb-themes_huraga_assets_img_icons_apple-touch-icon-114-precomposed not found
[21-Aug-2019 14:06:02 UTC] 2 opendir(/home/u433971869/public_html/boxbil/bb-locale): failed to open dir: No such file or directory /home/u433971869/public_html/boxbil/bb-modules/System/Service.php 151
[21-Aug-2019 14:06:11 UTC] 2 opendir(/home/u433971869/public_html/boxbil/bb-locale): failed to open dir: No such file or directory /home/u433971869/public_html/boxbil/bb-modules/System/Service.php 151
[21-Aug-2019 14:06:15 UTC] 2 opendir(/home/u433971869/public_html/boxbil/bb-locale): failed to open dir: No such file or directory /home/u433971869/public_html/boxbil/bb-modules/System/Service.php 151
[21-Aug-2019 14:06:24 UTC] 2 opendir(/home/u433971869/public_html/boxbil/bb-locale): failed to open dir: No such file or directory /home/u433971869/public_html/boxbil/bb-modules/System/Service.php 151
[21-Aug-2019 14:07:04 UTC] 2 opendir(/home/u433971869/public_html/boxbil/bb-locale): failed to open dir: No such file or directory /home/u433971869/public_html/boxbil/bb-modules/System/Service.php 151
[21-Aug-2019 14:07:17 UTC] 8 Undefined variable: status /home/u433971869/public_html/boxbil/bb-library/Payment/Adapter/PayLane.php 153
[21-Aug-2019 14:07:17 UTC] 8 Undefined variable: status /home/u433971869/public_html/boxbil/bb-library/Payment/Adapter/PayLane.php 154
[21-Aug-2019 14:07:17 UTC] 8 Undefined variable: status /home/u433971869/public_html/boxbil/bb-library/Payment/Adapter/PayLane.php 155
[21-Aug-2019 14:07:23 UTC] 2 opendir(/home/u433971869/public_html/boxbil/bb-locale): failed to open dir: No such file or directory /home/u433971869/public_html/boxbil/bb-modules/System/Service.php 151
[21-Aug-2019 14:09:35 UTC] 8 Undefined variable: status /home/u433971869/public_html/boxbil/bb-library/Payment/Adapter/PayLane.php 153
[21-Aug-2019 14:09:35 UTC] 8 Undefined variable: status /home/u433971869/public_html/boxbil/bb-library/Payment/Adapter/PayLane.php 154
[21-Aug-2019 14:09:35 UTC] 8 Undefined variable: status /home/u433971869/public_html/boxbil/bb-library/Payment/Adapter/PayLane.php 155
[21-Aug-2019 14:11:28 UTC] 2 opendir(/home/u433971869/public_html/boxbil/bb-locale): failed to open dir: No such file or directory /home/u433971869/public_html/boxbil/bb-modules/System/Service.php 151
[21-Aug-2019 14:11:35 UTC] 2 opendir(/home/u433971869/public_html/boxbil/bb-locale): failed to open dir: No such file or directory /home/u433971869/public_html/boxbil/bb-modules/System/Service.php 151
[21-Aug-2019 14:12:43 UTC] 2 opendir(/home/u433971869/public_html/boxbil/bb-locale): failed to open dir: No such file or directory /home/u433971869/public_html/boxbil/bb-modules/System/Service.php 151
[21-Aug-2019 14:17:05 UTC] 2 opendir(/home/u433971869/public_html/boxbil/bb-locale): failed to open dir: No such file or directory /home/u433971869/public_html/boxbil/bb-modules/System/Service.php 151
[21-Aug-2019 14:17:09 UTC] 2 opendir(/home/u433971869/public_html/boxbil/bb-locale): failed to open dir: No such file or directory /home/u433971869/public_html/boxbil/bb-modules/System/Service.php 151
[21-Aug-2019 14:17:17 UTC] 2 opendir(/home/u433971869/public_html/boxbil/bb-locale): failed to open dir: No such file or directory /home/u433971869/public_html/boxbil/bb-modules/System/Service.php 151
[21-Aug-2019 14:17:17 UTC] Order #2 has no active service
[21-Aug-2019 14:17:29 UTC] 2 opendir(/home/u433971869/public_html/boxbil/bb-locale): failed to open dir: No such file or directory /home/u433971869/public_html/boxbil/bb-modules/System/Service.php 151
[21-Aug-2019 14:17:33 UTC] Amount is not valid 981
[21-Aug-2019 14:17:37 UTC] Amount is not valid 981
[21-Aug-2019 14:17:51 UTC] SQLSTATE[HY000] [1105] (proxy) all backends are down
[21-Aug-2019 14:17:53 UTC] SQLSTATE[HY000] [1105] (proxy) all backends are down
[21-Aug-2019 14:17:55 UTC] SQLSTATE[HY000] [1105] (proxy) all backends are down
[21-Aug-2019 14:17:56 UTC] 2 opendir(/home/u433971869/public_html/boxbil/bb-locale): failed to open dir: No such file or directory /home/u433971869/public_html/boxbil/bb-modules/System/Service.php 151
[21-Aug-2019 14:18:04 UTC] 2 opendir(/home/u433971869/public_html/boxbil/bb-locale): failed to open dir: No such file or directory /home/u433971869/public_html/boxbil/bb-modules/System/Service.php 151
[21-Aug-2019 14:18:08 UTC] 2 opendir(/home/u433971869/public_html/boxbil/bb-locale): failed to open dir: No such file or directory /home/u433971869/public_html/boxbil/bb-modules/System/Service.php 151
[21-Aug-2019 14:18:16 UTC] 2 opendir(/home/u433971869/public_html/boxbil/bb-locale): failed to open dir: No such file or directory /home/u433971869/public_html/boxbil/bb-modules/System/Service.php 151
[21-Aug-2019 14:18:23 UTC] 2 opendir(/home/u433971869/public_html/boxbil/bb-locale): failed to open dir: No such file or directory /home/u433971869/public_html/boxbil/bb-modules/System/Service.php 151
[21-Aug-2019 14:18:42 UTC] 2 opendir(/home/u433971869/public_html/boxbil/bb-locale): failed to open dir: No such file or directory /home/u433971869/public_html/boxbil/bb-modules/System/Service.php 151
[21-Aug-2019 14:20:17 UTC] 8 Undefined variable: status /home/u433971869/public_html/boxbil/bb-library/Payment/Adapter/PayLane.php 153
[21-Aug-2019 14:20:17 UTC] 8 Undefined variable: status /home/u433971869/public_html/boxbil/bb-library/Payment/Adapter/PayLane.php 154
[21-Aug-2019 14:20:17 UTC] 8 Undefined variable: status /home/u433971869/public_html/boxbil/bb-library/Payment/Adapter/PayLane.php 155
[21-Aug-2019 14:20:22 UTC] 2 opendir(/home/u433971869/public_html/boxbil/bb-locale): failed to open dir: No such file or directory /home/u433971869/public_html/boxbil/bb-modules/System/Service.php 151
[21-Aug-2019 14:20:23 UTC] 2 opendir(/home/u433971869/public_html/boxbil/bb-locale): failed to open dir: No such file or directory /home/u433971869/public_html/boxbil/bb-modules/System/Service.php 151
[21-Aug-2019 14:20:47 UTC] 2 opendir(/home/u433971869/public_html/boxbil/bb-locale): failed to open dir: No such file or directory /home/u433971869/public_html/boxbil/bb-modules/System/Service.php 151
[21-Aug-2019 14:20:53 UTC] 8 Undefined variable: status /home/u433971869/public_html/boxbil/bb-library/Payment/Adapter/PayLane.php 153
[21-Aug-2019 14:20:53 UTC] 8 Undefined variable: status /home/u433971869/public_html/boxbil/bb-library/Payment/Adapter/PayLane.php 154
[21-Aug-2019 14:20:53 UTC] 8 Undefined variable: status /home/u433971869/public_html/boxbil/bb-library/Payment/Adapter/PayLane.php 155
[21-Aug-2019 14:21:02 UTC] 2 opendir(/home/u433971869/public_html/boxbil/bb-locale): failed to open dir: No such file or directory /home/u433971869/public_html/boxbil/bb-modules/System/Service.php 151
[21-Aug-2019 14:21:24 UTC] 2 opendir(/home/u433971869/public_html/boxbil/bb-locale): failed to open dir: No such file or directory /home/u433971869/public_html/boxbil/bb-modules/System/Service.php 151
[21-Aug-2019 14:21:35 UTC] 2 opendir(/home/u433971869/public_html/boxbil/bb-locale): failed to open dir: No such file or directory /home/u433971869/public_html/boxbil/bb-modules/System/Service.php 151
[21-Aug-2019 14:22:33 UTC] 2 opendir(/home/u433971869/public_html/boxbil/bb-locale): failed to open dir: No such file or directory /home/u433971869/public_html/boxbil/bb-modules/System/Service.php 151
[21-Aug-2019 14:22:47 UTC] 2 opendir(/home/u433971869/public_html/boxbil/bb-locale): failed to open dir: No such file or directory /home/u433971869/public_html/boxbil/bb-modules/System/Service.php 151
[21-Aug-2019 14:23:05 UTC] 2 opendir(/home/u433971869/public_html/boxbil/bb-locale): failed to open dir: No such file or directory /home/u433971869/public_html/boxbil/bb-modules/System/Service.php 151
[21-Aug-2019 14:24:06 UTC] 8 Undefined variable: status /home/u433971869/public_html/boxbil/bb-library/Payment/Adapter/PayLane.php 153
[21-Aug-2019 14:24:06 UTC] 8 Undefined variable: status /home/u433971869/public_html/boxbil/bb-library/Payment/Adapter/PayLane.php 154
[21-Aug-2019 14:24:06 UTC] 8 Undefined variable: status /home/u433971869/public_html/boxbil/bb-library/Payment/Adapter/PayLane.php 155
[21-Aug-2019 14:26:27 UTC] 2 opendir(/home/u433971869/public_html/boxbil/bb-locale): failed to open dir: No such file or directory /home/u433971869/public_html/boxbil/bb-modules/System/Service.php 151
[21-Aug-2019 14:28:22 UTC] 2 opendir(/home/u433971869/public_html/boxbil/bb-locale): failed to open dir: No such file or directory /home/u433971869/public_html/boxbil/bb-modules/System/Service.php 151
[21-Aug-2019 14:29:04 UTC] 2 opendir(/home/u433971869/public_html/boxbil/bb-locale): failed to open dir: No such file or directory /home/u433971869/public_html/boxbil/bb-modules/System/Service.php 151
[21-Aug-2019 14:29:15 UTC] Years parameter is missing for domain configuration. 0
[22-Aug-2019 01:37:13 UTC] 
[22-Aug-2019 01:37:14 UTC] 2 opendir(/home/u433971869/public_html/boxbil/bb-locale): failed to open dir: No such file or directory /home/u433971869/public_html/boxbil/bb-modules/System/Service.php 151
[22-Aug-2019 01:44:47 UTC] 2 opendir(/home/u433971869/public_html/boxbil/bb-locale): failed to open dir: No such file or directory /home/u433971869/public_html/boxbil/bb-modules/System/Service.php 151
[22-Aug-2019 01:44:56 UTC] SQLSTATE[HY000] [1105] (proxy) all backends are down
[22-Aug-2019 01:44:58 UTC] SQLSTATE[HY000] [1105] (proxy) all backends are down
[22-Aug-2019 01:45:03 UTC] SQLSTATE[HY000] [1105] (proxy) all backends are down
[22-Aug-2019 01:45:08 UTC] 2 opendir(/home/u433971869/public_html/boxbil/bb-locale): failed to open dir: No such file or directory /home/u433971869/public_html/boxbil/bb-modules/System/Service.php 151
[22-Aug-2019 01:46:02 UTC] 2 opendir(/home/u433971869/public_html/boxbil/bb-locale): failed to open dir: No such file or directory /home/u433971869/public_html/boxbil/bb-modules/System/Service.php 151
[22-Aug-2019 01:46:07 UTC] 2 opendir(/home/u433971869/public_html/boxbil/bb-locale): failed to open dir: No such file or directory /home/u433971869/public_html/boxbil/bb-modules/System/Service.php 151
[22-Aug-2019 01:46:11 UTC] 2 opendir(/home/u433971869/public_html/boxbil/bb-locale): failed to open dir: No such file or directory /home/u433971869/public_html/boxbil/bb-modules/System/Service.php 151
[22-Aug-2019 01:47:38 UTC] 2 opendir(/home/u433971869/public_html/boxbil/bb-locale): failed to open dir: No such file or directory /home/u433971869/public_html/boxbil/bb-modules/System/Service.php 151
[22-Aug-2019 01:49:15 UTC] Unable to find template "mod_page_bb-themes_huraga_assets_img_icons_apple-touch-icon-114-precomposed.png" (looked into: /home/u433971869/public_html/boxbil/bb-themes/huraga/html, /home/u433971869/public_html/boxbil/bb-modules/Page/html_client).
[22-Aug-2019 01:49:15 UTC] Page bb-themes_huraga_assets_img_icons_apple-touch-icon-114-precomposed not found
[22-Aug-2019 01:49:16 UTC] Unable to find template "mod_page_bb-themes_huraga_assets_img_icons_apple-touch-icon-114-precomposed.png" (looked into: /home/u433971869/public_html/boxbil/bb-themes/huraga/html, /home/u433971869/public_html/boxbil/bb-modules/Page/html_client).
[22-Aug-2019 01:49:16 UTC] Page bb-themes_huraga_assets_img_icons_apple-touch-icon-114-precomposed not found
[22-Aug-2019 01:49:24 UTC] 2 opendir(/home/u433971869/public_html/boxbil/bb-locale): failed to open dir: No such file or directory /home/u433971869/public_html/boxbil/bb-modules/System/Service.php 151
[22-Aug-2019 01:49:37 UTC] 2 opendir(/home/u433971869/public_html/boxbil/bb-locale): failed to open dir: No such file or directory /home/u433971869/public_html/boxbil/bb-modules/System/Service.php 151
[22-Aug-2019 01:49:40 UTC] 2 opendir(/home/u433971869/public_html/boxbil/bb-locale): failed to open dir: No such file or directory /home/u433971869/public_html/boxbil/bb-modules/System/Service.php 151
[22-Aug-2019 01:49:43 UTC] 2 opendir(/home/u433971869/public_html/boxbil/bb-locale): failed to open dir: No such file or directory /home/u433971869/public_html/boxbil/bb-modules/System/Service.php 151
[22-Aug-2019 01:50:22 UTC] 2 opendir(/home/u433971869/public_html/boxbil/bb-locale): failed to open dir: No such file or directory /home/u433971869/public_html/boxbil/bb-modules/System/Service.php 151
[22-Aug-2019 01:51:11 UTC] 8 Undefined variable: status /home/u433971869/public_html/boxbil/bb-library/Payment/Adapter/PayLane.php 153
[22-Aug-2019 01:51:11 UTC] 8 Undefined variable: status /home/u433971869/public_html/boxbil/bb-library/Payment/Adapter/PayLane.php 154
[22-Aug-2019 01:51:11 UTC] 8 Undefined variable: status /home/u433971869/public_html/boxbil/bb-library/Payment/Adapter/PayLane.php 155
[22-Aug-2019 01:51:43 UTC] 8 Undefined variable: status /home/u433971869/public_html/boxbil/bb-library/Payment/Adapter/PayLane.php 153
[22-Aug-2019 01:51:43 UTC] 8 Undefined variable: status /home/u433971869/public_html/boxbil/bb-library/Payment/Adapter/PayLane.php 154
[22-Aug-2019 01:51:43 UTC] 8 Undefined variable: status /home/u433971869/public_html/boxbil/bb-library/Payment/Adapter/PayLane.php 155
[22-Aug-2019 01:51:44 UTC] 2 opendir(/home/u433971869/public_html/boxbil/bb-locale): failed to open dir: No such file or directory /home/u433971869/public_html/boxbil/bb-modules/System/Service.php 151
[22-Aug-2019 01:55:05 UTC] 2 opendir(/home/u433971869/public_html/boxbil/bb-locale): failed to open dir: No such file or directory /home/u433971869/public_html/boxbil/bb-modules/System/Service.php 151
[22-Aug-2019 01:55:07 UTC] 2 opendir(/home/u433971869/public_html/boxbil/bb-locale): failed to open dir: No such file or directory /home/u433971869/public_html/boxbil/bb-modules/System/Service.php 151
[22-Aug-2019 01:55:43 UTC] 2 opendir(/home/u433971869/public_html/boxbil/bb-locale): failed to open dir: No such file or directory /home/u433971869/public_html/boxbil/bb-modules/System/Service.php 151
[22-Aug-2019 01:55:59 UTC] 8 Undefined variable: status /home/u433971869/public_html/boxbil/bb-library/Payment/Adapter/PayLane.php 153
[22-Aug-2019 01:55:59 UTC] 8 Undefined variable: status /home/u433971869/public_html/boxbil/bb-library/Payment/Adapter/PayLane.php 154
[22-Aug-2019 01:55:59 UTC] 8 Undefined variable: status /home/u433971869/public_html/boxbil/bb-library/Payment/Adapter/PayLane.php 155
[22-Aug-2019 02:00:05 UTC] 2 opendir(/home/u433971869/public_html/boxbil/bb-locale): failed to open dir: No such file or directory /home/u433971869/public_html/boxbil/bb-modules/System/Service.php 151
[22-Aug-2019 02:00:15 UTC] 2 opendir(/home/u433971869/public_html/boxbil/bb-locale): failed to open dir: No such file or directory /home/u433971869/public_html/boxbil/bb-modules/System/Service.php 151
[22-Aug-2019 02:00:22 UTC] 2 opendir(/home/u433971869/public_html/boxbil/bb-locale): failed to open dir: No such file or directory /home/u433971869/public_html/boxbil/bb-modules/System/Service.php 151
[22-Aug-2019 02:00:25 UTC] 2 opendir(/home/u433971869/public_html/boxbil/bb-locale): failed to open dir: No such file or directory /home/u433971869/public_html/boxbil/bb-modules/System/Service.php 151
[22-Aug-2019 02:00:28 UTC] 2 opendir(/home/u433971869/public_html/boxbil/bb-locale): failed to open dir: No such file or directory /home/u433971869/public_html/boxbil/bb-modules/System/Service.php 151
[22-Aug-2019 02:00:40 UTC] 2 opendir(/home/u433971869/public_html/boxbil/bb-locale): failed to open dir: No such file or directory /home/u433971869/public_html/boxbil/bb-modules/System/Service.php 151
[22-Aug-2019 02:01:09 UTC] 2 log() expects parameter 1 to be double, object given /home/u433971869/public_html/boxbil/bb-library/Payment/Adapter/PayLane.php 80
[22-Aug-2019 02:01:09 UTC] 2 log() expects parameter 1 to be double, array given /home/u433971869/public_html/boxbil/bb-library/Payment/Adapter/PayLane.php 82
[22-Aug-2019 02:01:09 UTC] 8 Undefined variable: status /home/u433971869/public_html/boxbil/bb-library/Payment/Adapter/PayLane.php 156
[22-Aug-2019 02:01:09 UTC] 8 Undefined variable: status /home/u433971869/public_html/boxbil/bb-library/Payment/Adapter/PayLane.php 157
[22-Aug-2019 02:01:09 UTC] 8 Undefined variable: status /home/u433971869/public_html/boxbil/bb-library/Payment/Adapter/PayLane.php 158
[22-Aug-2019 02:01:57 UTC] 2 opendir(/home/u433971869/public_html/boxbil/bb-locale): failed to open dir: No such file or directory /home/u433971869/public_html/boxbil/bb-modules/System/Service.php 151
[22-Aug-2019 02:01:59 UTC] 2 log() expects parameter 1 to be double, object given /home/u433971869/public_html/boxbil/bb-library/Payment/Adapter/PayLane.php 80
[22-Aug-2019 02:01:59 UTC] 2 log() expects parameter 1 to be double, array given /home/u433971869/public_html/boxbil/bb-library/Payment/Adapter/PayLane.php 82
[22-Aug-2019 02:02:00 UTC] 8 Undefined variable: status /home/u433971869/public_html/boxbil/bb-library/Payment/Adapter/PayLane.php 156
[22-Aug-2019 02:02:00 UTC] 8 Undefined variable: status /home/u433971869/public_html/boxbil/bb-library/Payment/Adapter/PayLane.php 157
[22-Aug-2019 02:02:00 UTC] 8 Undefined variable: status /home/u433971869/public_html/boxbil/bb-library/Payment/Adapter/PayLane.php 158
[22-Aug-2019 02:03:15 UTC] 2 log() expects parameter 1 to be double, array given /home/u433971869/public_html/boxbil/bb-library/Payment/Adapter/PayLane.php 71
[22-Aug-2019 02:03:15 UTC] 2 opendir(/home/u433971869/public_html/boxbil/bb-locale): failed to open dir: No such file or directory /home/u433971869/public_html/boxbil/bb-modules/System/Service.php 151
[22-Aug-2019 02:03:19 UTC] 2 log() expects parameter 1 to be double, object given /home/u433971869/public_html/boxbil/bb-library/Payment/Adapter/PayLane.php 80
[22-Aug-2019 02:03:19 UTC] 2 log() expects parameter 1 to be double, array given /home/u433971869/public_html/boxbil/bb-library/Payment/Adapter/PayLane.php 82
[22-Aug-2019 02:03:19 UTC] 8 Undefined variable: status /home/u433971869/public_html/boxbil/bb-library/Payment/Adapter/PayLane.php 156
[22-Aug-2019 02:03:19 UTC] 8 Undefined variable: status /home/u433971869/public_html/boxbil/bb-library/Payment/Adapter/PayLane.php 157
[22-Aug-2019 02:03:19 UTC] 8 Undefined variable: status /home/u433971869/public_html/boxbil/bb-library/Payment/Adapter/PayLane.php 158
[22-Aug-2019 02:26:13 UTC] 2 opendir(/home/u433971869/public_html/boxbil/bb-locale): failed to open dir: No such file or directory /home/u433971869/public_html/boxbil/bb-modules/System/Service.php 151
[22-Aug-2019 02:26:15 UTC] 2 log() expects parameter 1 to be double, object given /home/u433971869/public_html/boxbil/bb-library/Payment/Adapter/PayLane.php 89
[22-Aug-2019 02:26:15 UTC] 8 Undefined variable: status /home/u433971869/public_html/boxbil/bb-library/Payment/Adapter/PayLane.php 153
[22-Aug-2019 02:26:15 UTC] 8 Undefined variable: status /home/u433971869/public_html/boxbil/bb-library/Payment/Adapter/PayLane.php 154
[22-Aug-2019 02:26:15 UTC] 8 Undefined variable: status /home/u433971869/public_html/boxbil/bb-library/Payment/Adapter/PayLane.php 155
[22-Aug-2019 02:26:57 UTC] 2 opendir(/home/u433971869/public_html/boxbil/bb-locale): failed to open dir: No such file or directory /home/u433971869/public_html/boxbil/bb-modules/System/Service.php 151
[22-Aug-2019 02:27:00 UTC] 2 log() expects parameter 1 to be double, array given /home/u433971869/public_html/boxbil/bb-library/Payment/Adapter/PayLane.php 84
[22-Aug-2019 02:27:00 UTC] 2 log() expects parameter 1 to be double, object given /home/u433971869/public_html/boxbil/bb-library/Payment/Adapter/PayLane.php 89
[22-Aug-2019 02:27:00 UTC] 8 Undefined variable: status /home/u433971869/public_html/boxbil/bb-library/Payment/Adapter/PayLane.php 153
[22-Aug-2019 02:27:00 UTC] 8 Undefined variable: status /home/u433971869/public_html/boxbil/bb-library/Payment/Adapter/PayLane.php 154
[22-Aug-2019 02:27:00 UTC] 8 Undefined variable: status /home/u433971869/public_html/boxbil/bb-library/Payment/Adapter/PayLane.php 155
[22-Aug-2019 02:27:16 UTC] 2 opendir(/home/u433971869/public_html/boxbil/bb-locale): failed to open dir: No such file or directory /home/u433971869/public_html/boxbil/bb-modules/System/Service.php 151
[22-Aug-2019 02:27:26 UTC] 2 opendir(/home/u433971869/public_html/boxbil/bb-locale): failed to open dir: No such file or directory /home/u433971869/public_html/boxbil/bb-modules/System/Service.php 151
[22-Aug-2019 02:27:30 UTC] 2 log() expects parameter 1 to be double, array given /home/u433971869/public_html/boxbil/bb-library/Payment/Adapter/PayLane.php 84
[22-Aug-2019 02:27:30 UTC] 2 log() expects parameter 1 to be double, object given /home/u433971869/public_html/boxbil/bb-library/Payment/Adapter/PayLane.php 89
[22-Aug-2019 02:27:30 UTC] 8 Undefined variable: status /home/u433971869/public_html/boxbil/bb-library/Payment/Adapter/PayLane.php 153
[22-Aug-2019 02:27:30 UTC] 8 Undefined variable: status /home/u433971869/public_html/boxbil/bb-library/Payment/Adapter/PayLane.php 154
[22-Aug-2019 02:27:30 UTC] 8 Undefined variable: status /home/u433971869/public_html/boxbil/bb-library/Payment/Adapter/PayLane.php 155
[22-Aug-2019 02:28:37 UTC] 8 Array to string conversion /home/u433971869/public_html/boxbil/bb-library/Payment/Adapter/PayLane.php 84
[22-Aug-2019 02:28:38 UTC] 2 log() expects parameter 1 to be double, object given /home/u433971869/public_html/boxbil/bb-library/Payment/Adapter/PayLane.php 89
[22-Aug-2019 02:28:38 UTC] 8 Undefined variable: status /home/u433971869/public_html/boxbil/bb-library/Payment/Adapter/PayLane.php 153
[22-Aug-2019 02:28:38 UTC] 8 Undefined variable: status /home/u433971869/public_html/boxbil/bb-library/Payment/Adapter/PayLane.php 154
[22-Aug-2019 02:28:38 UTC] 8 Undefined variable: status /home/u433971869/public_html/boxbil/bb-library/Payment/Adapter/PayLane.php 155
[22-Aug-2019 02:29:10 UTC] 8 Array to string conversion /home/u433971869/public_html/boxbil/bb-library/Payment/Adapter/PayLane.php 84
[22-Aug-2019 02:29:10 UTC] 2 log() expects parameter 1 to be double, object given /home/u433971869/public_html/boxbil/bb-library/Payment/Adapter/PayLane.php 89
[22-Aug-2019 02:29:10 UTC] 8 Undefined variable: status /home/u433971869/public_html/boxbil/bb-library/Payment/Adapter/PayLane.php 153
[22-Aug-2019 02:29:10 UTC] 8 Undefined variable: status /home/u433971869/public_html/boxbil/bb-library/Payment/Adapter/PayLane.php 154
[22-Aug-2019 02:29:10 UTC] 8 Undefined variable: status /home/u433971869/public_html/boxbil/bb-library/Payment/Adapter/PayLane.php 155
[22-Aug-2019 02:29:13 UTC] 2 opendir(/home/u433971869/public_html/boxbil/bb-locale): failed to open dir: No such file or directory /home/u433971869/public_html/boxbil/bb-modules/System/Service.php 151
[22-Aug-2019 02:29:16 UTC] 8 Array to string conversion /home/u433971869/public_html/boxbil/bb-library/Payment/Adapter/PayLane.php 84
[22-Aug-2019 02:29:16 UTC] 2 log() expects parameter 1 to be double, object given /home/u433971869/public_html/boxbil/bb-library/Payment/Adapter/PayLane.php 89
[22-Aug-2019 02:29:16 UTC] 8 Undefined variable: status /home/u433971869/public_html/boxbil/bb-library/Payment/Adapter/PayLane.php 153
[22-Aug-2019 02:29:16 UTC] 8 Undefined variable: status /home/u433971869/public_html/boxbil/bb-library/Payment/Adapter/PayLane.php 154
[22-Aug-2019 02:29:16 UTC] 8 Undefined variable: status /home/u433971869/public_html/boxbil/bb-library/Payment/Adapter/PayLane.php 155
[22-Aug-2019 02:30:12 UTC] 2 opendir(/home/u433971869/public_html/boxbil/bb-locale): failed to open dir: No such file or directory /home/u433971869/public_html/boxbil/bb-modules/System/Service.php 151
[22-Aug-2019 02:31:42 UTC] 2 opendir(/home/u433971869/public_html/boxbil/bb-locale): failed to open dir: No such file or directory /home/u433971869/public_html/boxbil/bb-modules/System/Service.php 151
[22-Aug-2019 02:31:56 UTC] 2 opendir(/home/u433971869/public_html/boxbil/bb-locale): failed to open dir: No such file or directory /home/u433971869/public_html/boxbil/bb-modules/System/Service.php 151
[22-Aug-2019 02:32:05 UTC] 8 Array to string conversion /home/u433971869/public_html/boxbil/bb-library/Payment/Adapter/PayLane.php 84
[22-Aug-2019 02:32:05 UTC] 2 log() expects parameter 1 to be double, object given /home/u433971869/public_html/boxbil/bb-library/Payment/Adapter/PayLane.php 89
[22-Aug-2019 02:32:05 UTC] 8 Undefined variable: status /home/u433971869/public_html/boxbil/bb-library/Payment/Adapter/PayLane.php 153
[22-Aug-2019 02:32:05 UTC] 8 Undefined variable: status /home/u433971869/public_html/boxbil/bb-library/Payment/Adapter/PayLane.php 154
[22-Aug-2019 02:32:05 UTC] 8 Undefined variable: status /home/u433971869/public_html/boxbil/bb-library/Payment/Adapter/PayLane.php 155
[22-Aug-2019 02:33:34 UTC] 2 log() expects parameter 1 to be double, object given /home/u433971869/public_html/boxbil/bb-library/Payment/Adapter/PayLane.php 89
[22-Aug-2019 02:33:34 UTC] 8 Undefined variable: status /home/u433971869/public_html/boxbil/bb-library/Payment/Adapter/PayLane.php 153
[22-Aug-2019 02:33:34 UTC] 8 Undefined variable: status /home/u433971869/public_html/boxbil/bb-library/Payment/Adapter/PayLane.php 154
[22-Aug-2019 02:33:34 UTC] 8 Undefined variable: status /home/u433971869/public_html/boxbil/bb-library/Payment/Adapter/PayLane.php 155
[22-Aug-2019 02:34:11 UTC] 2 log() expects parameter 1 to be double, object given /home/u433971869/public_html/boxbil/bb-library/Payment/Adapter/PayLane.php 89
[22-Aug-2019 02:34:11 UTC] 8 Undefined variable: status /home/u433971869/public_html/boxbil/bb-library/Payment/Adapter/PayLane.php 153
[22-Aug-2019 02:34:11 UTC] 8 Undefined variable: status /home/u433971869/public_html/boxbil/bb-library/Payment/Adapter/PayLane.php 154
[22-Aug-2019 02:34:11 UTC] 8 Undefined variable: status /home/u433971869/public_html/boxbil/bb-library/Payment/Adapter/PayLane.php 155
[22-Aug-2019 02:34:52 UTC] 8 Undefined variable: status /home/u433971869/public_html/boxbil/bb-library/Payment/Adapter/PayLane.php 153
[22-Aug-2019 02:34:52 UTC] 8 Undefined variable: status /home/u433971869/public_html/boxbil/bb-library/Payment/Adapter/PayLane.php 154
[22-Aug-2019 02:34:52 UTC] 8 Undefined variable: status /home/u433971869/public_html/boxbil/bb-library/Payment/Adapter/PayLane.php 155
[22-Aug-2019 02:40:19 UTC] 8 Undefined variable: status /home/u433971869/public_html/boxbil/bb-library/Payment/Adapter/PayLane.php 153
[22-Aug-2019 02:40:19 UTC] 8 Undefined variable: status /home/u433971869/public_html/boxbil/bb-library/Payment/Adapter/PayLane.php 154
[22-Aug-2019 02:40:19 UTC] 8 Undefined variable: status /home/u433971869/public_html/boxbil/bb-library/Payment/Adapter/PayLane.php 155
[22-Aug-2019 03:02:08 UTC] 2 opendir(/home/u433971869/public_html/boxbil/bb-locale): failed to open dir: No such file or directory /home/u433971869/public_html/boxbil/bb-modules/System/Service.php 151
[22-Aug-2019 03:02:16 UTC] 2 opendir(/home/u433971869/public_html/boxbil/bb-locale): failed to open dir: No such file or directory /home/u433971869/public_html/boxbil/bb-modules/System/Service.php 151
[22-Aug-2019 03:03:13 UTC] 
[22-Aug-2019 03:03:18 UTC] 2 opendir(/home/u433971869/public_html/boxbil/bb-locale): failed to open dir: No such file or directory /home/u433971869/public_html/boxbil/bb-modules/System/Service.php 151
[22-Aug-2019 03:03:23 UTC] 2 opendir(/home/u433971869/public_html/boxbil/bb-locale): failed to open dir: No such file or directory /home/u433971869/public_html/boxbil/bb-modules/System/Service.php 151
[22-Aug-2019 03:03:26 UTC] 2 opendir(/home/u433971869/public_html/boxbil/bb-locale): failed to open dir: No such file or directory /home/u433971869/public_html/boxbil/bb-modules/System/Service.php 151
[22-Aug-2019 03:03:47 UTC] 2 opendir(/home/u433971869/public_html/boxbil/bb-locale): failed to open dir: No such file or directory /home/u433971869/public_html/boxbil/bb-modules/System/Service.php 151
[22-Aug-2019 03:03:54 UTC] 8 Undefined variable: status /home/u433971869/public_html/boxbil/bb-library/Payment/Adapter/PayLane.php 153
[22-Aug-2019 03:03:54 UTC] 8 Undefined variable: status /home/u433971869/public_html/boxbil/bb-library/Payment/Adapter/PayLane.php 154
[22-Aug-2019 03:03:54 UTC] 8 Undefined variable: status /home/u433971869/public_html/boxbil/bb-library/Payment/Adapter/PayLane.php 155
[22-Aug-2019 03:05:03 UTC] SQLSTATE[HY000] [1105] (proxy) all backends are down
[22-Aug-2019 03:05:20 UTC] 2 opendir(/home/u433971869/public_html/boxbil/bb-locale): failed to open dir: No such file or directory /home/u433971869/public_html/boxbil/bb-modules/System/Service.php 151
[22-Aug-2019 03:05:22 UTC] Unable to find template "mod_page_bb-themes_huraga_assets_img_icons_apple-touch-icon-114-precomposed.png" (looked into: /home/u433971869/public_html/boxbil/bb-themes/huraga/html, /home/u433971869/public_html/boxbil/bb-modules/Page/html_client).
[22-Aug-2019 03:05:22 UTC] Page bb-themes_huraga_assets_img_icons_apple-touch-icon-114-precomposed not found
[22-Aug-2019 03:05:33 UTC] 2 opendir(/home/u433971869/public_html/boxbil/bb-locale): failed to open dir: No such file or directory /home/u433971869/public_html/boxbil/bb-modules/System/Service.php 151
[22-Aug-2019 03:05:36 UTC] 8 Undefined variable: status /home/u433971869/public_html/boxbil/bb-library/Payment/Adapter/PayLane.php 153
[22-Aug-2019 03:05:36 UTC] 8 Undefined variable: status /home/u433971869/public_html/boxbil/bb-library/Payment/Adapter/PayLane.php 154
[22-Aug-2019 03:05:36 UTC] 8 Undefined variable: status /home/u433971869/public_html/boxbil/bb-library/Payment/Adapter/PayLane.php 155
[22-Aug-2019 03:05:58 UTC] 2 opendir(/home/u433971869/public_html/boxbil/bb-locale): failed to open dir: No such file or directory /home/u433971869/public_html/boxbil/bb-modules/System/Service.php 151
[22-Aug-2019 03:06:39 UTC] 8 Undefined variable: status /home/u433971869/public_html/boxbil/bb-library/Payment/Adapter/PayLane.php 153
[22-Aug-2019 03:06:39 UTC] 8 Undefined variable: status /home/u433971869/public_html/boxbil/bb-library/Payment/Adapter/PayLane.php 154
[22-Aug-2019 03:06:39 UTC] 8 Undefined variable: status /home/u433971869/public_html/boxbil/bb-library/Payment/Adapter/PayLane.php 155
[22-Aug-2019 03:12:32 UTC] 2 opendir(/home/u433971869/public_html/boxbil/bb-locale): failed to open dir: No such file or directory /home/u433971869/public_html/boxbil/bb-modules/System/Service.php 151
[22-Aug-2019 03:15:16 UTC] 2 opendir(/home/u433971869/public_html/boxbil/bb-locale): failed to open dir: No such file or directory /home/u433971869/public_html/boxbil/bb-modules/System/Service.php 151
[22-Aug-2019 03:15:20 UTC] 2 opendir(/home/u433971869/public_html/boxbil/bb-locale): failed to open dir: No such file or directory /home/u433971869/public_html/boxbil/bb-modules/System/Service.php 151
[22-Aug-2019 03:15:23 UTC] 2 opendir(/home/u433971869/public_html/boxbil/bb-locale): failed to open dir: No such file or directory /home/u433971869/public_html/boxbil/bb-modules/System/Service.php 151
[22-Aug-2019 03:15:27 UTC] 2 opendir(/home/u433971869/public_html/boxbil/bb-locale): failed to open dir: No such file or directory /home/u433971869/public_html/boxbil/bb-modules/System/Service.php 151
[22-Aug-2019 03:15:47 UTC] 2 opendir(/home/u433971869/public_html/boxbil/bb-locale): failed to open dir: No such file or directory /home/u433971869/public_html/boxbil/bb-modules/System/Service.php 151
[22-Aug-2019 03:15:51 UTC] 2 opendir(/home/u433971869/public_html/boxbil/bb-locale): failed to open dir: No such file or directory /home/u433971869/public_html/boxbil/bb-modules/System/Service.php 151
[22-Aug-2019 03:16:06 UTC] 2 opendir(/home/u433971869/public_html/boxbil/bb-locale): failed to open dir: No such file or directory /home/u433971869/public_html/boxbil/bb-modules/System/Service.php 151
[22-Aug-2019 03:16:07 UTC] 2 opendir(/home/u433971869/public_html/boxbil/bb-locale): failed to open dir: No such file or directory /home/u433971869/public_html/boxbil/bb-modules/System/Service.php 151
[22-Aug-2019 03:19:37 UTC] 2 opendir(/home/u433971869/public_html/boxbil/bb-locale): failed to open dir: No such file or directory /home/u433971869/public_html/boxbil/bb-modules/System/Service.php 151
[22-Aug-2019 03:19:38 UTC] SQLSTATE[HY000] [1105] (proxy) all backends are down
[22-Aug-2019 03:19:59 UTC] 2 opendir(/home/u433971869/public_html/boxbil/bb-locale): failed to open dir: No such file or directory /home/u433971869/public_html/boxbil/bb-modules/System/Service.php 151
[22-Aug-2019 03:20:07 UTC] 2 opendir(/home/u433971869/public_html/boxbil/bb-locale): failed to open dir: No such file or directory /home/u433971869/public_html/boxbil/bb-modules/System/Service.php 151
[22-Aug-2019 03:20:15 UTC] 2 opendir(/home/u433971869/public_html/boxbil/bb-locale): failed to open dir: No such file or directory /home/u433971869/public_html/boxbil/bb-modules/System/Service.php 151
[22-Aug-2019 03:20:20 UTC] 2 opendir(/home/u433971869/public_html/boxbil/bb-locale): failed to open dir: No such file or directory /home/u433971869/public_html/boxbil/bb-modules/System/Service.php 151
[22-Aug-2019 03:20:23 UTC] 2 opendir(/home/u433971869/public_html/boxbil/bb-locale): failed to open dir: No such file or directory /home/u433971869/public_html/boxbil/bb-modules/System/Service.php 151
[22-Aug-2019 03:20:25 UTC] 2 opendir(/home/u433971869/public_html/boxbil/bb-locale): failed to open dir: No such file or directory /home/u433971869/public_html/boxbil/bb-modules/System/Service.php 151
[22-Aug-2019 03:20:42 UTC] 2 opendir(/home/u433971869/public_html/boxbil/bb-locale): failed to open dir: No such file or directory /home/u433971869/public_html/boxbil/bb-modules/System/Service.php 151
[22-Aug-2019 03:20:45 UTC] 8 Undefined variable: status /home/u433971869/public_html/boxbil/bb-library/Payment/Adapter/PayLane.php 153
[22-Aug-2019 03:20:45 UTC] 8 Undefined variable: status /home/u433971869/public_html/boxbil/bb-library/Payment/Adapter/PayLane.php 154
[22-Aug-2019 03:20:45 UTC] 8 Undefined variable: status /home/u433971869/public_html/boxbil/bb-library/Payment/Adapter/PayLane.php 155
[22-Aug-2019 03:21:28 UTC] 2 opendir(/home/u433971869/public_html/boxbil/bb-locale): failed to open dir: No such file or directory /home/u433971869/public_html/boxbil/bb-modules/System/Service.php 151
[22-Aug-2019 03:25:51 UTC] 8 Undefined variable: status /home/u433971869/public_html/boxbil/bb-library/Payment/Adapter/PayLane.php 153
[22-Aug-2019 03:25:51 UTC] 8 Undefined variable: status /home/u433971869/public_html/boxbil/bb-library/Payment/Adapter/PayLane.php 154
[22-Aug-2019 03:25:51 UTC] 8 Undefined variable: status /home/u433971869/public_html/boxbil/bb-library/Payment/Adapter/PayLane.php 155
[22-Aug-2019 03:27:11 UTC] 8 Undefined variable: status /home/u433971869/public_html/boxbil/bb-library/Payment/Adapter/PayLane.php 89
[22-Aug-2019 03:27:11 UTC] 8 Undefined variable: status /home/u433971869/public_html/boxbil/bb-library/Payment/Adapter/PayLane.php 90
[22-Aug-2019 03:27:11 UTC] 8 Undefined variable: status /home/u433971869/public_html/boxbil/bb-library/Payment/Adapter/PayLane.php 91
[22-Aug-2019 03:28:03 UTC] 2 opendir(/home/u433971869/public_html/boxbil/bb-locale): failed to open dir: No such file or directory /home/u433971869/public_html/boxbil/bb-modules/System/Service.php 151
[22-Aug-2019 03:29:25 UTC] 2 opendir(/home/u433971869/public_html/boxbil/bb-locale): failed to open dir: No such file or directory /home/u433971869/public_html/boxbil/bb-modules/System/Service.php 151
[22-Aug-2019 03:30:10 UTC] 2 opendir(/home/u433971869/public_html/boxbil/bb-locale): failed to open dir: No such file or directory /home/u433971869/public_html/boxbil/bb-modules/System/Service.php 151
[22-Aug-2019 03:31:26 UTC] 2 opendir(/home/u433971869/public_html/boxbil/bb-locale): failed to open dir: No such file or directory /home/u433971869/public_html/boxbil/bb-modules/System/Service.php 151
[22-Aug-2019 03:31:49 UTC] 8 Undefined variable: status /home/u433971869/public_html/boxbil/bb-library/Payment/Adapter/PayLane.php 89
[22-Aug-2019 03:31:49 UTC] 8 Undefined variable: status /home/u433971869/public_html/boxbil/bb-library/Payment/Adapter/PayLane.php 90
[22-Aug-2019 03:31:49 UTC] 8 Undefined variable: status /home/u433971869/public_html/boxbil/bb-library/Payment/Adapter/PayLane.php 91
[22-Aug-2019 03:34:20 UTC] 2 opendir(/home/u433971869/public_html/boxbil/bb-locale): failed to open dir: No such file or directory /home/u433971869/public_html/boxbil/bb-modules/System/Service.php 151
[22-Aug-2019 03:36:59 UTC] 2 opendir(/home/u433971869/public_html/boxbil/bb-locale): failed to open dir: No such file or directory /home/u433971869/public_html/boxbil/bb-modules/System/Service.php 151
[22-Aug-2019 03:43:34 UTC] 2 opendir(/home/u433971869/public_html/boxbil/bb-locale): failed to open dir: No such file or directory /home/u433971869/public_html/boxbil/bb-modules/System/Service.php 151
[22-Aug-2019 03:44:08 UTC] 2 opendir(/home/u433971869/public_html/boxbil/bb-locale): failed to open dir: No such file or directory /home/u433971869/public_html/boxbil/bb-modules/System/Service.php 151
